Worker information
hostname: 8366ff27-a590-4980-af68-21f306d7eb70@1.production-1-worker-org-gce-qlg2
version: v5.1.0 https://github.com/travis-ci/worker/tree/0bdbc36fc39a4c4c18f44c0a80f1eadac7a66a65
instance: travis-job-6f5113c5-edea-4109-98b0-ac4d7b452b2a travis-ci-garnet-trusty-1512502259-986baf0 (via amqp)
startup: 6.498032692s
system_info
Build system information
Build language: php
Build group: stable
Build dist: trusty
Build id: 463822282
Job id: 463822284
Runtime kernel version: 4.4.0-101-generic
travis-build version: 1c5b8c38a
Build image provisioning date and time
Tue Dec  5 19:58:13 UTC 2017
Operating System Details
Distributor ID:	Ubuntu
Description:	Ubuntu 14.04.5 LTS
Release:	14.04
Codename:	trusty
Cookbooks Version
7c2c6a6 https://github.com/travis-ci/travis-cookbooks/tree/7c2c6a6
git version
git version 2.15.1
bash version
GNU bash, version 4.3.11(1)-release (x86_64-pc-linux-gnu)
gcc version
gcc (Ubuntu 4.8.4-2ubuntu1~14.04.3) 4.8.4
Copyright (C) 2013 Free Software Foundation, Inc.
This is free software; see the source for copying conditions.  There is NO
warranty; not even for MERCHANTABILITY or FITNESS FOR A PARTICULAR PURPOSE.
docker version
Client:
 Version:      17.09.0-ce
 API version:  1.32
 Go version:   go1.8.3
 Git commit:   afdb6d4
 Built:        Tue Sep 26 22:42:38 2017
 OS/Arch:      linux/amd64
Server:
 Version:      17.09.0-ce
 API version:  1.32 (minimum version 1.12)
 Go version:   go1.8.3
 Git commit:   afdb6d4
 Built:        Tue Sep 26 22:41:20 2017
 OS/Arch:      linux/amd64
 Experimental: false
clang version
clang version 5.0.0 (tags/RELEASE_500/final)
Target: x86_64-unknown-linux-gnu
Thread model: posix
InstalledDir: /usr/local/clang-5.0.0/bin
jq version
jq-1.5
bats version
Bats 0.4.0
shellcheck version
0.4.6
shfmt version
v2.0.0
ccache version
ccache version 3.1.9
Copyright (C) 2002-2007 Andrew Tridgell
Copyright (C) 2009-2011 Joel Rosdahl
This program is free software; you can redistribute it and/or modify it under
the terms of the GNU General Public License as published by the Free Software
Foundation; either version 3 of the License, or (at your option) any later
version.
cmake version
cmake version 3.9.2
CMake suite maintained and supported by Kitware (kitware.com/cmake).
heroku version
heroku-cli/6.14.39-addc925 (linux-x64) node-v9.2.0
imagemagick version
Version: ImageMagick 6.7.7-10 2017-07-31 Q16 http://www.imagemagick.org
md5deep version
4.2
mercurial version
Mercurial Distributed SCM (version 4.2.2)
(see https://mercurial-scm.org for more information)
Copyright (C) 2005-2017 Matt Mackall and others
This is free software; see the source for copying conditions. There is NO
warranty; not even for MERCHANTABILITY or FITNESS FOR A PARTICULAR PURPOSE.
mysql version
mysql  Ver 14.14 Distrib 5.6.33, for debian-linux-gnu (x86_64) using  EditLine wrapper
openssl version
OpenSSL 1.0.1f 6 Jan 2014
packer version
Packer v1.0.2
Your version of Packer is out of date! The latest version
is 1.1.2. You can update by downloading from www.packer.io
postgresql client version
psql (PostgreSQL) 9.6.6
ragel version
Ragel State Machine Compiler version 6.8 Feb 2013
Copyright (c) 2001-2009 by Adrian Thurston
subversion version
svn, version 1.8.8 (r1568071)
   compiled Aug 10 2017, 17:20:39 on x86_64-pc-linux-gnu
Copyright (C) 2013 The Apache Software Foundation.
This software consists of contributions made by many people;
see the NOTICE file for more information.
Subversion is open source software, see http://subversion.apache.org/
The following repository access (RA) modules are available:
* ra_svn : Module for accessing a repository using the svn network protocol.
  - with Cyrus SASL authentication
  - handles 'svn' scheme
* ra_local : Module for accessing a repository on local disk.
  - handles 'file' scheme
* ra_serf : Module for accessing a repository via WebDAV protocol using serf.
  - using serf 1.3.3
  - handles 'http' scheme
  - handles 'https' scheme
sudo version
Sudo version 1.8.9p5
Configure options: --prefix=/usr -v --with-all-insults --with-pam --with-fqdn --with-logging=syslog --with-logfac=authpriv --with-env-editor --with-editor=/usr/bin/editor --with-timeout=15 --with-password-timeout=0 --with-passprompt=[sudo] password for %p:  --without-lecture --with-tty-tickets --disable-root-mailer --enable-admin-flag --with-sendmail=/usr/sbin/sendmail --with-timedir=/var/lib/sudo --mandir=/usr/share/man --libexecdir=/usr/lib/sudo --with-sssd --with-sssd-lib=/usr/lib/x86_64-linux-gnu --with-selinux
Sudoers policy plugin version 1.8.9p5
Sudoers file grammar version 43
Sudoers path: /etc/sudoers
Authentication methods: 'pam'
Syslog facility if syslog is being used for logging: authpriv
Syslog priority to use when user authenticates successfully: notice
Syslog priority to use when user authenticates unsuccessfully: alert
Send mail if the user is not in sudoers
Use a separate timestamp for each user/tty combo
Lecture user the first time they run sudo
Root may run sudo
Allow some information gathering to give useful error messages
Require fully-qualified hostnames in the sudoers file
Visudo will honor the EDITOR environment variable
Set the LOGNAME and USER environment variables
Length at which to wrap log file lines (0 for no wrap): 80
Authentication timestamp timeout: 15.0 minutes
Password prompt timeout: 0.0 minutes
Number of tries to enter a password: 3
Umask to use or 0777 to use user's: 022
Path to mail program: /usr/sbin/sendmail
Flags for mail program: -t
Address to send mail to: root
Subject line for mail messages: *** SECURITY information for %h ***
Incorrect password message: Sorry, try again.
Path to authentication timestamp dir: /var/lib/sudo
Default password prompt: [sudo] password for %p: 
Default user to run commands as: root
Value to override user's $PATH with: /usr/local/sbin:/usr/local/bin:/usr/sbin:/usr/bin:/sbin:/bin:/snap/bin
Path to the editor for use by visudo: /usr/bin/editor
When to require a password for 'list' pseudocommand: any
When to require a password for 'verify' pseudocommand: all
File descriptors >= 3 will be closed before executing a command
Environment variables to check for sanity:
	TZ
	TERM
	LINGUAS
	LC_*
	LANGUAGE
	LANG
	COLORTERM
Environment variables to remove:
	RUBYOPT
	RUBYLIB
	PYTHONUSERBASE
	PYTHONINSPECT
	PYTHONPATH
	PYTHONHOME
	TMPPREFIX
	ZDOTDIR
	READNULLCMD
	NULLCMD
	FPATH
	PERL5DB
	PERL5OPT
	PERL5LIB
	PERLLIB
	PERLIO_DEBUG 
	JAVA_TOOL_OPTIONS
	SHELLOPTS
	GLOBIGNORE
	PS4
	BASH_ENV
	ENV
	TERMCAP
	TERMPATH
	TERMINFO_DIRS
	TERMINFO
	_RLD*
	LD_*
	PATH_LOCALE
	NLSPATH
	HOSTALIASES
	RES_OPTIONS
	LOCALDOMAIN
	CDPATH
	IFS
Environment variables to preserve:
	JAVA_HOME
	TRAVIS
	CI
	DEBIAN_FRONTEND
	XAUTHORIZATION
	XAUTHORITY
	PS2
	PS1
	PATH
	LS_COLORS
	KRB5CCNAME
	HOSTNAME
	HOME
	DISPLAY
	COLORS
Locale to use while parsing sudoers: C
Directory in which to store input/output logs: /var/log/sudo-io
File in which to store the input/output log: %{seq}
Add an entry to the utmp/utmpx file when allocating a pty
PAM service name to use
PAM service name to use for login shells
Create a new PAM session for the command to run in
Maximum I/O log sequence number: 0
Local IP address and netmask pairs:
	10.240.0.28/255.255.255.255
	172.17.0.1/255.255.0.0
Sudoers I/O plugin version 1.8.9p5
gzip version
gzip 1.6
Copyright (C) 2007, 2010, 2011 Free Software Foundation, Inc.
Copyright (C) 1993 Jean-loup Gailly.
This is free software.  You may redistribute copies of it under the terms of
the GNU General Public License <http://www.gnu.org/licenses/gpl.html>.
There is NO WARRANTY, to the extent permitted by law.
Written by Jean-loup Gailly.
zip version
Copyright (c) 1990-2008 Info-ZIP - Type 'zip "-L"' for software license.
This is Zip 3.0 (July 5th 2008), by Info-ZIP.
Currently maintained by E. Gordon.  Please send bug reports to
the authors using the web page at www.info-zip.org; see README for details.
Latest sources and executables are at ftp://ftp.info-zip.org/pub/infozip,
as of above date; see http://www.info-zip.org/ for other sites.
Compiled with gcc 4.8.2 for Unix (Linux ELF) on Oct 21 2013.
Zip special compilation options:
	USE_EF_UT_TIME       (store Universal Time)
	BZIP2_SUPPORT        (bzip2 library version 1.0.6, 6-Sept-2010)
	    bzip2 code and library copyright (c) Julian R Seward
	    (See the bzip2 license for terms of use)
	SYMLINK_SUPPORT      (symbolic links supported)
	LARGE_FILE_SUPPORT   (can read and write large files on file system)
	ZIP64_SUPPORT        (use Zip64 to store large files in archives)
	UNICODE_SUPPORT      (store and read UTF-8 Unicode paths)
	STORE_UNIX_UIDs_GIDs (store UID/GID sizes/values using new extra field)
	UIDGID_NOT_16BIT     (old Unix 16-bit UID/GID extra field not used)
	[encryption, version 2.91 of 05 Jan 2007] (modified for Zip 3)
Encryption notice:
	The encryption code of this program is not copyrighted and is
	put in the public domain.  It was originally written in Europe
	and, to the best of our knowledge, can be freely distributed
	in both source and object forms from any country, including
	the USA under License Exception TSU of the U.S. Export
	Administration Regulations (section 740.13(e)) of 6 June 2002.
Zip environment options:
             ZIP:  [none]
          ZIPOPT:  [none]
vim version
VIM - Vi IMproved 7.4 (2013 Aug 10, compiled Nov 24 2016 16:43:18)
Included patches: 1-52
Extra patches: 8.0.0056
Modified by pkg-vim-maintainers@lists.alioth.debian.org
Compiled by buildd@
Huge version without GUI.  Features included (+) or not (-):
+acl             +farsi           +mouse_netterm   +syntax
+arabic          +file_in_path    +mouse_sgr       +tag_binary
+autocmd         +find_in_path    -mouse_sysmouse  +tag_old_static
-balloon_eval    +float           +mouse_urxvt     -tag_any_white
-browse          +folding         +mouse_xterm     -tcl
++builtin_terms  -footer          +multi_byte      +terminfo
+byte_offset     +fork()          +multi_lang      +termresponse
+cindent         +gettext         -mzscheme        +textobjects
-clientserver    -hangul_input    +netbeans_intg   +title
-clipboard       +iconv           +path_extra      -toolbar
+cmdline_compl   +insert_expand   -perl            +user_commands
+cmdline_hist    +jumplist        +persistent_undo +vertsplit
+cmdline_info    +keymap          +postscript      +virtualedit
+comments        +langmap         +printer         +visual
+conceal         +libcall         +profile         +visualextra
+cryptv          +linebreak       +python          +viminfo
+cscope          +lispindent      -python3         +vreplace
+cursorbind      +listcmds        +quickfix        +wildignore
+cursorshape     +localmap        +reltime         +wildmenu
+dialog_con      -lua             +rightleft       +windows
+diff            +menu            -ruby            +writebackup
+digraphs        +mksession       +scrollbind      -X11
-dnd             +modify_fname    +signs           -xfontset
-ebcdic          +mouse           +smartindent     -xim
+emacs_tags      -mouseshape      -sniff           -xsmp
+eval            +mouse_dec       +startuptime     -xterm_clipboard
+ex_extra        +mouse_gpm       +statusline      -xterm_save
+extra_search    -mouse_jsbterm   -sun_workshop    -xpm
   system vimrc file: "$VIM/vimrc"
     user vimrc file: "$HOME/.vimrc"
 2nd user vimrc file: "~/.vim/vimrc"
      user exrc file: "$HOME/.exrc"
  fall-back for $VIM: "/usr/share/vim"
Compilation: gcc -c -I. -Iproto -DHAVE_CONFIG_H     -g -O2 -fstack-protector --param=ssp-buffer-size=4 -Wformat -Werror=format-security -U_FORTIFY_SOURCE -D_FORTIFY_SOURCE=1      
Linking: gcc   -Wl,-Bsymbolic-functions -Wl,-z,relro -Wl,--as-needed -o vim        -lm -ltinfo -lnsl  -lselinux  -lacl -lattr -lgpm -ldl    -L/usr/lib/python2.7/config-x86_64-linux-gnu -lpython2.7 -lpthread -ldl -lutil -lm -Xlinker -export-dynamic -Wl,-O1 -Wl,-Bsymbolic-functions      
iptables version
iptables v1.4.21
curl version
curl 7.35.0 (x86_64-pc-linux-gnu) libcurl/7.35.0 OpenSSL/1.0.1f zlib/1.2.8 libidn/1.28 librtmp/2.3
wget version
GNU Wget 1.15 built on linux-gnu.
rsync version
rsync  version 3.1.0  protocol version 31
gimme version
v1.2.0
nvm version
0.33.6
perlbrew version
/home/travis/perl5/perlbrew/bin/perlbrew  - App::perlbrew/0.80
phpenv version
rbenv 1.1.1-25-g6aa70b6
rvm version
rvm 1.29.3 (latest) by Michal Papis, Piotr Kuczynski, Wayne E. Seguin [https://rvm.io]
default ruby version
ruby 2.4.1p111 (2017-03-22 revision 58053) [x86_64-linux]
CouchDB version
couchdb 1.6.1
ElasticSearch version
5.5.0
Installed Firefox version
firefox 56.0.2
MongoDB version
MongoDB 3.4.10
PhantomJS version
2.1.1
Pre-installed PostgreSQL versions
9.2.24
9.3.20
9.4.15
9.5.10
9.6.6
RabbitMQ Version
3.6.14
Redis version
redis-server 4.0.6
riak version
2.2.3
Pre-installed Go versions
1.7.4
ant version
Apache Ant(TM) version 1.9.3 compiled on April 8 2014
mvn version
Apache Maven 3.5.2 (138edd61fd100ec658bfa2d307c43b76940a5d7d; 2017-10-18T07:58:13Z)
Maven home: /usr/local/maven-3.5.2
Java version: 1.8.0_151, vendor: Oracle Corporation
Java home: /usr/lib/jvm/java-8-oracle/jre
Default locale: en_US, platform encoding: UTF-8
OS name: "linux", version: "4.4.0-98-generic", arch: "amd64", family: "unix"
gradle version
------------------------------------------------------------
Gradle 4.0.1
------------------------------------------------------------
Build time:   2017-07-07 14:02:41 UTC
Revision:     38e5dc0f772daecca1d2681885d3d85414eb6826
Groovy:       2.4.11
Ant:          Apache Ant(TM) version 1.9.6 compiled on June 29 2015
JVM:          1.8.0_151 (Oracle Corporation 25.151-b12)
OS:           Linux 4.4.0-98-generic amd64
lein version
Leiningen 2.8.1 on Java 1.8.0_151 Java HotSpot(TM) 64-Bit Server VM
Pre-installed Node.js versions
v4.8.6
v6.12.0
v6.12.1
v8.9
v8.9.1
phpenv versions
  system
  5.6
* 5.6.32 (set by /home/travis/.phpenv/version)
  7.0
  7.0.25
  7.1
  7.1.11
  hhvm
  hhvm-stable
composer --version
Composer version 1.5.2 2017-09-11 16:59:25
ruby-2.2.7
ruby-2.3.4
ruby-2.4.1
git.checkout
1.71s$ git clone --depth=50 https://github.com/tarjmp/eventlab.git tarjmp/eventlab
Cloning into 'tarjmp/eventlab'...
remote: Enumerating objects: 140, done.
remote: Counting objects: 100% (140/140), done.
remote: Compressing objects: 100% (93/93), done.
remote: Total 8556 (delta 64), reused 85 (delta 33), pack-reused 8416
Receiving objects: 100% (8556/8556), 16.55 MiB | 20.67 MiB/s, done.
Resolving deltas: 100% (2510/2510), done.
$ cd tarjmp/eventlab
0.00s$ git fetch origin +refs/pull/17/merge:
remote: Enumerating objects: 236, done.
remote: Counting objects: 100% (182/182), done.
remote: Compressing objects: 100% (74/74), done.
remote: Total 132 (delta 77), reused 107 (delta 54), pack-reused 0
Receiving objects: 100% (132/132), 22.45 KiB | 11.22 MiB/s, done.
Resolving deltas: 100% (77/77), completed with 19 local objects.
From https://github.com/tarjmp/eventlab
 * branch            refs/pull/17/merge -> FETCH_HEAD
$ git checkout -qf FETCH_HEAD
0.02s$ phpenv global nightly 2>/dev/null
nightly is not pre-installed; installing
Downloading archive: https://s3.amazonaws.com/travis-php-archives/binaries/ubuntu/14.04/x86_64/php-nightly.tar.bz2
19.52s$ curl -s -o archive.tar.bz2 $archive_url && tar xjf archive.tar.bz2 --directory /
0.01s0.02s$ phpenv global nightly
0.97s$ composer self-update
Updating to version 1.8.0 (stable channel).
   Downloading (connecting...)Downloading (100%)
Use composer self-update --rollback to return to version 1.7.2
$ php --version
PHP 7.4.0-dev (cli) (built: Sep  5 2018 06:15:07) ( ZTS )
Copyright (c) 1997-2018 The PHP Group
Zend Engine v3.4.0-dev, Copyright (c) 1998-2018 Zend Technologies
    with Zend OPcache v7.4.0-dev, Copyright (c) 1999-2018, by Zend Technologies
$ composer --version
Composer version 1.8.0 2018-12-03 10:31:16
before_script.1
0.31s$ composer self-update
You are already using composer version 1.8.0 (stable channel).
before_script.2
28.81s$ composer install --no-interaction
Loading composer repositories with package information
Installing dependencies (including require-dev) from lock file
Package operations: 83 installs, 0 updates, 0 removals
  - Installing doctrine/inflector (v1.3.0): Downloading (connecting...)Downloading (100%)
  - Installing doctrine/lexer (v1.0.1): Downloading (connecting...)Downloading (100%)
  - Installing dragonmantank/cron-expression (v2.2.0): Downloading (connecting...)Downloading (100%)
  - Installing erusev/parsedown (1.7.1): Downloading (100%)
  - Installing vlucas/phpdotenv (v2.5.1): Downloading (connecting...)Downloading (100%)
  - Installing symfony/css-selector (v4.1.7): Downloading (15%)Downloading (100%)
  - Installing tijsverkoyen/css-to-inline-styles (2.2.1): Downloading (100%)
  - Installing symfony/polyfill-php72 (v1.10.0): Downloading (connecting...)Downloading (100%)
  - Installing symfony/polyfill-mbstring (v1.10.0): Downloading (100%)
  - Installing symfony/var-dumper (v4.1.7): Downloading (connecting...)Downloading (100%)
  - Installing symfony/routing (v4.1.7): Downloading (5%)Downloading (100%)
  - Installing symfony/process (v4.1.7): Downloading (100%)
  - Installing symfony/polyfill-ctype (v1.10.0): Downloading (connecting...)Downloading (100%)
  - Installing symfony/http-foundation (v4.1.7): Downloading (15%)Downloading (100%)
  - Installing symfony/event-dispatcher (v4.1.7): Downloading (100%)
  - Installing psr/log (1.0.2): Downloading (connecting...)Downloading (100%)
  - Installing symfony/debug (v4.1.7): Downloading (connecting...)Downloading (100%)
  - Installing symfony/http-kernel (v4.1.7): Downloading (100%)
  - Installing symfony/finder (v4.1.7): Downloading (connecting...)Downloading (100%)
  - Installing symfony/console (v4.1.7): Downloading (connecting...)Downloading (100%)
  - Installing egulias/email-validator (2.1.6): Downloading (connecting...)Downloading (100%)
  - Installing swiftmailer/swiftmailer (v6.1.3): Downloading (45%)Downloading (100%)
  - Installing paragonie/random_compat (v9.99.99): Downloading (100%)
  - Installing ramsey/uuid (3.8.0): Downloading (connecting...)Downloading (100%)
  - Installing psr/simple-cache (1.0.1): Downloading (100%)
  - Installing psr/container (1.0.0): Downloading (connecting...)Downloading (100%)
  - Installing opis/closure (3.1.1): Downloading (100%)
  - Installing symfony/translation (v4.1.7): Downloading (connecting...)Downloading (100%)
  - Installing nesbot/carbon (1.34.1): Downloading (connecting...)Downloading (100%)
  - Installing monolog/monolog (1.24.0): Downloading (80%)Downloading (100%)
  - Installing league/flysystem (1.0.46): Downloading (100%)
  - Installing laravel/framework (v5.7.13): Downloading (connecting...)Downloading (100%)
  - Installing fideloper/proxy (4.0.0): Downloading (connecting...)Downloading (100%)
  - Installing jakub-onderka/php-console-color (v0.2): Downloading (100%)
  - Installing nikic/php-parser (v4.1.0): Downloading (connecting...)Downloading (100%)
  - Installing jakub-onderka/php-console-highlighter (v0.3.2): Downloading (connecting...)Downloading (100%)
  - Installing dnoegel/php-xdg-base-dir (0.1): Downloading (100%)
  - Installing psy/psysh (v0.9.9): Downloading (connecting...)Downloading (100%)
  - Installing laravel/tinker (v1.0.8): Downloading (100%)
  - Installing symfony/filesystem (v4.1.7): Downloading (100%)
  - Installing seld/phar-utils (1.0.1): Downloading (connecting...)Downloading (100%)
  - Installing seld/jsonlint (1.7.1): Downloading (100%)
  - Installing justinrainbow/json-schema (5.2.7): Downloading (connecting...)Downloading (100%)
  - Installing composer/xdebug-handler (1.3.0): Downloading (connecting...)Downloading (100%)
  - Installing composer/spdx-licenses (1.5.0): Downloading (100%)
  - Installing composer/semver (1.4.2): Downloading (connecting...)Downloading (100%)
  - Installing composer/ca-bundle (1.1.3): Downloading (5%)Downloading (100%)
  - Installing composer/composer (1.7.3): Downloading (30%)Downloading (100%)
  - Installing barryvdh/reflection-docblock (v2.0.5): Downloading (100%)
  - Installing barryvdh/laravel-ide-helper (v2.5.2): Downloading (connecting...)Downloading (100%)
  - Installing beyondcode/laravel-dump-server (1.2.2): Downloading (connecting...)Downloading (100%)
  - Installing fzaninotto/faker (v1.8.0): Downloading (90%)Downloading (100%)
  - Installing hamcrest/hamcrest-php (v2.0.0): Downloading (95%)Downloading (100%)
  - Installing mockery/mockery (1.2.0): Downloading (100%)
  - Installing filp/whoops (2.3.1): Downloading (connecting...)Downloading (100%)
  - Installing nunomaduro/collision (v2.1.0): Downloading (connecting...)Downloading (100%)
  - Installing webmozart/assert (1.3.0): Downloading (100%)
  - Installing phpdocumentor/reflection-common (1.0.1): Downloading (connecting...)Downloading (100%)
  - Installing phpdocumentor/type-resolver (0.4.0): Downloading (100%)
  - Installing phpdocumentor/reflection-docblock (4.3.0): Downloading (connecting...)Downloading (100%)
  - Installing phpunit/php-token-stream (3.0.1): Downloading (100%)
  - Installing sebastian/version (2.0.1): Downloading (100%)
  - Installing sebastian/resource-operations (2.0.1): Downloading (connecting...)Downloading (100%)
  - Installing sebastian/recursion-context (3.0.0): Downloading (100%)
  - Installing sebastian/object-reflector (1.1.1): Downloading (connecting...)Downloading (100%)
  - Installing sebastian/object-enumerator (3.0.3): Downloading (100%)
  - Installing sebastian/global-state (2.0.0): Downloading (connecting...)Downloading (100%)
  - Installing sebastian/exporter (3.1.0): Downloading (connecting...)Downloading (100%)
  - Installing sebastian/environment (3.1.0): Downloading (100%)
  - Installing sebastian/diff (3.0.1): Downloading (connecting...)Downloading (100%)
  - Installing sebastian/comparator (3.0.2): Downloading (connecting...)Downloading (100%)
  - Installing phpunit/php-timer (2.0.0): Downloading (100%)
  - Installing phpunit/php-text-template (1.2.1): Downloading (connecting...)Downloading (100%)
  - Installing phpunit/php-file-iterator (2.0.2): Downloading (connecting...)Downloading (100%)
  - Installing theseer/tokenizer (1.1.0): Downloading (100%)
  - Installing sebastian/code-unit-reverse-lookup (1.0.1): Downloading (connecting...)Downloading (100%)
  - Installing phpunit/php-code-coverage (6.1.4): Downloading (100%)
  - Installing doctrine/instantiator (1.1.0): Downloading (100%)
  - Installing phpspec/prophecy (1.8.0): Downloading (connecting...)Downloading (100%)
  - Installing phar-io/version (2.0.1): Downloading (100%)
  - Installing phar-io/manifest (1.0.3): Downloading (connecting...)Downloading (100%)
  - Installing myclabs/deep-copy (1.8.1): Downloading (connecting...)Downloading (100%)
  - Installing phpunit/phpunit (7.4.3): Downloading (100%)
symfony/routing suggests installing doctrine/annotations (For using the annotation loader)
symfony/routing suggests installing symfony/config (For using the all-in-one router or any loader)
symfony/routing suggests installing symfony/dependency-injection (For loading routes from a service)
symfony/routing suggests installing symfony/expression-language (For using expression matching)
symfony/routing suggests installing symfony/yaml (For using the YAML loader)
symfony/event-dispatcher suggests installing symfony/dependency-injection
symfony/http-kernel suggests installing symfony/browser-kit
symfony/http-kernel suggests installing symfony/config
symfony/http-kernel suggests installing symfony/dependency-injection
symfony/console suggests installing symfony/lock
swiftmailer/swiftmailer suggests installing true/punycode (Needed to support internationalized email addresses, if ext-intl is not installed)
paragonie/random_compat suggests installing ext-libsodium (Provides a modern crypto API that can be used to generate random bytes.)
ramsey/uuid suggests installing ext-libsodium (Provides the PECL libsodium extension for use with the SodiumRandomGenerator)
ramsey/uuid suggests installing ext-uuid (Provides the PECL UUID extension for use with the PeclUuidTimeGenerator and PeclUuidRandomGenerator)
ramsey/uuid suggests installing ircmaxell/random-lib (Provides RandomLib for use with the RandomLibAdapter)
ramsey/uuid suggests installing moontoast/math (Provides support for converting UUID to 128-bit integer (in string form).)
ramsey/uuid suggests installing ramsey/uuid-console (A console application for generating UUIDs with ramsey/uuid)
ramsey/uuid suggests installing ramsey/uuid-doctrine (Allows the use of Ramsey\Uuid\Uuid as Doctrine field type.)
symfony/translation suggests installing symfony/config
symfony/translation suggests installing symfony/yaml
monolog/monolog suggests installing aws/aws-sdk-php (Allow sending log messages to AWS services like DynamoDB)
monolog/monolog suggests installing doctrine/couchdb (Allow sending log messages to a CouchDB server)
monolog/monolog suggests installing ext-amqp (Allow sending log messages to an AMQP server (1.0+ required))
monolog/monolog suggests installing ext-mongo (Allow sending log messages to a MongoDB server)
monolog/monolog suggests installing graylog2/gelf-php (Allow sending log messages to a GrayLog2 server)
monolog/monolog suggests installing mongodb/mongodb (Allow sending log messages to a MongoDB server via PHP Driver)
monolog/monolog suggests installing php-amqplib/php-amqplib (Allow sending log messages to an AMQP server using php-amqplib)
monolog/monolog suggests installing php-console/php-console (Allow sending log messages to Google Chrome)
monolog/monolog suggests installing rollbar/rollbar (Allow sending log messages to Rollbar)
monolog/monolog suggests installing ruflin/elastica (Allow sending log messages to an Elastic Search server)
monolog/monolog suggests installing sentry/sentry (Allow sending log messages to a Sentry server)
league/flysystem suggests installing league/flysystem-aws-s3-v2 (Allows you to use S3 storage with AWS SDK v2)
league/flysystem suggests installing league/flysystem-aws-s3-v3 (Allows you to use S3 storage with AWS SDK v3)
league/flysystem suggests installing league/flysystem-azure (Allows you to use Windows Azure Blob storage)
league/flysystem suggests installing league/flysystem-cached-adapter (Flysystem adapter decorator for metadata caching)
league/flysystem suggests installing league/flysystem-eventable-filesystem (Allows you to use EventableFilesystem)
league/flysystem suggests installing league/flysystem-rackspace (Allows you to use Rackspace Cloud Files)
league/flysystem suggests installing league/flysystem-sftp (Allows you to use SFTP server storage via phpseclib)
league/flysystem suggests installing league/flysystem-webdav (Allows you to use WebDAV storage)
league/flysystem suggests installing league/flysystem-ziparchive (Allows you to use ZipArchive adapter)
league/flysystem suggests installing spatie/flysystem-dropbox (Allows you to use Dropbox storage)
league/flysystem suggests installing srmklive/flysystem-dropbox-v2 (Allows you to use Dropbox storage for PHP 5 applications)
laravel/framework suggests installing aws/aws-sdk-php (Required to use the SQS queue driver and SES mail driver (^3.0).)
laravel/framework suggests installing doctrine/dbal (Required to rename columns and drop SQLite columns (^2.6).)
laravel/framework suggests installing guzzlehttp/guzzle (Required to use the Mailgun and Mandrill mail drivers and the ping methods on schedules (^6.0).)
laravel/framework suggests installing league/flysystem-aws-s3-v3 (Required to use the Flysystem S3 driver (^1.0).)
laravel/framework suggests installing league/flysystem-cached-adapter (Required to use the Flysystem cache (^1.0).)
laravel/framework suggests installing league/flysystem-rackspace (Required to use the Flysystem Rackspace driver (^1.0).)
laravel/framework suggests installing league/flysystem-sftp (Required to use the Flysystem SFTP driver (^1.0).)
laravel/framework suggests installing moontoast/math (Required to use ordered UUIDs (^1.1).)
laravel/framework suggests installing nexmo/client (Required to use the Nexmo transport (^1.0).)
laravel/framework suggests installing pda/pheanstalk (Required to use the beanstalk queue driver (^3.0).)
laravel/framework suggests installing predis/predis (Required to use the redis cache and queue drivers (^1.0).)
laravel/framework suggests installing pusher/pusher-php-server (Required to use the Pusher broadcast driver (^3.0).)
laravel/framework suggests installing symfony/dom-crawler (Required to use most of the crawler integration testing tools (^4.1).)
laravel/framework suggests installing symfony/psr-http-message-bridge (Required to psr7 bridging features (^1.0).)
psy/psysh suggests installing ext-pdo-sqlite (The doc command requires SQLite to work.)
psy/psysh suggests installing hoa/console (A pure PHP readline implementation. You'll want this if your PHP install doesn't already support readline or libedit.)
barryvdh/reflection-docblock suggests installing dflydev/markdown (~1.0)
barryvdh/laravel-ide-helper suggests installing doctrine/dbal (Load information from the database about models for phpdocs (~2.3))
filp/whoops suggests installing whoops/soap (Formats errors as SOAP responses)
sebastian/global-state suggests installing ext-uopz (*)
phpunit/php-code-coverage suggests installing ext-xdebug (^2.6.0)
phpunit/phpunit suggests installing ext-xdebug (*)
phpunit/phpunit suggests installing phpunit/php-invoker (^2.0)
Generating optimized autoload files
> Illuminate\Foundation\ComposerScripts::postAutoloadDump
> @php artisan package:discover
Discovered Package: barryvdh/laravel-ide-helper
Discovered Package: beyondcode/laravel-dump-server
Discovered Package: fideloper/proxy
Discovered Package: laravel/tinker
Discovered Package: nesbot/carbon
Discovered Package: nunomaduro/collision
Package manifest generated successfully.
before_script.3
0.01s$ cp .env.travis .env
before_script.4
0.17s$ php artisan key:generate
Application key set successfully.
0.20s$ $TRAVIS_BUILD_DIR/vendor/bin/phpunit
PHPUnit 7.4.3 by Sebastian Bergmann and contributors.
..                                                                  2 / 2 (100%)
Time: 109 ms, Memory: 12.00MB
OK (2 tests, 2 assertions)
The command "$TRAVIS_BUILD_DIR/vendor/bin/phpunit" exited with 0.
Skipping a deployment with the heroku provider because the current build is a pull request.
Done. Your build exited with 0.